<?xml version="1.0" encoding="UTF-8"?>
<testng-results ignored="0" total="1" passed="1" failed="0" skipped="0">
  <reporter-output>
  </reporter-output>
  <suite started-at="2025-02-28T13:34:32 IST" name="API Automation Suite" finished-at="2025-02-28T13:34:37 IST" duration-ms="4632">
    <groups>
    </groups>
    <test started-at="2025-02-28T13:34:32 IST" name="API Tests" finished-at="2025-02-28T13:34:37 IST" duration-ms="4632">
      <class name="com.api.automation.ApiAutomationTest">
        <test-method is-config="true" signature="authenticate()[pri:0, instance:com.api.automation.ApiAutomationTest@7d8995e]" started-at="2025-02-28T13:34:32 IST" name="authenticate" finished-at="2025-02-28T13:34:36 IST" duration-ms="4028" status="PASS">
          <reporter-output>
          </reporter-output>
        </test-method> <!-- authenticate -->
        <test-method signature="fetchVideos()[pri:1, instance:com.api.automation.ApiAutomationTest@7d8995e]" started-at="2025-02-28T13:34:36 IST" name="fetchVideos" finished-at="2025-02-28T13:34:37 IST" duration-ms="534" status="PASS">
          <reporter-output>
          </reporter-output>
        </test-method> <!-- fetchVideos -->
      </class> <!-- com.api.automation.ApiAutomationTest -->
    </test> <!-- API Tests -->
  </suite> <!-- API Automation Suite -->
</testng-results>
